2020-03-12 15:22:04.337 [main] INFO  com.heman.bysj.BysjApplication - Starting BysjApplication on Lenovo-PC with PID 10988 (E:\bysj\bysj\target\classes started by lenovo in E:\bysj\bysj)
2020-03-12 15:22:04.344 [main] INFO  com.heman.bysj.BysjApplication - No active profile set, falling back to default profiles: default
2020-03-12 15:22:07.619 [main] INFO  o.s.boot.web.embedded.tomcat.TomcatWebServer - Tomcat initialized with port(s): 8080 (http)
2020-03-12 15:22:07.645 [main] INFO  org.apache.coyote.http11.Http11NioProtocol - Initializing ProtocolHandler ["http-nio-8080"]
2020-03-12 15:22:07.649 [main] INFO  org.apache.catalina.core.StandardService - Starting service [Tomcat]
2020-03-12 15:22:07.650 [main] INFO  org.apache.catalina.core.StandardEngine - Starting Servlet engine: [Apache Tomcat/9.0.31]
2020-03-12 15:22:07.667 [main] INFO  org.apache.catalina.core.AprLifecycleListener - An older version [1.2.14] of the APR based Apache Tomcat Native library is installed, while Tomcat recommends a minimum version of [1.2.23]
2020-03-12 15:22:07.667 [main] INFO  org.apache.catalina.core.AprLifecycleListener - Loaded APR based Apache Tomcat Native library [1.2.14] using APR version [1.6.2].
2020-03-12 15:22:07.668 [main] INFO  org.apache.catalina.core.AprLifecycleListener - APR capabilities: IPv6 [true], sendfile [true], accept filters [false], random [true].
2020-03-12 15:22:07.668 [main] INFO  org.apache.catalina.core.AprLifecycleListener - APR/OpenSSL configuration: useAprConnector [false], useOpenSSL [true]
2020-03-12 15:22:08.793 [main] INFO  org.apache.catalina.core.AprLifecycleListener - OpenSSL successfully initialized [OpenSSL 1.0.2l  25 May 2017]
2020-03-12 15:22:09.301 [main] INFO  o.a.c.core.ContainerBase.[Tomcat].[localhost].[/] - Initializing Spring embedded WebApplicationContext
2020-03-12 15:22:09.302 [main] INFO  org.springframework.web.context.ContextLoader - Root WebApplicationContext: initialization completed in 4660 ms
2020-03-12 15:22:09.687 [main] INFO  com.zaxxer.hikari.HikariDataSource - HikariPool-1 - Starting...
2020-03-12 15:22:10.124 [main] INFO  com.zaxxer.hikari.HikariDataSource - HikariPool-1 - Start completed.
2020-03-12 15:22:11.569 [main] INFO  o.s.scheduling.concurrent.ThreadPoolTaskExecutor - Initializing ExecutorService 'applicationTaskExecutor'
2020-03-12 15:22:12.109 [main] INFO  org.apache.coyote.http11.Http11NioProtocol - Starting ProtocolHandler ["http-nio-8080"]
2020-03-12 15:22:12.164 [main] INFO  o.s.boot.web.embedded.tomcat.TomcatWebServer - Tomcat started on port(s): 8080 (http) with context path ''
2020-03-12 15:22:12.173 [main] INFO  com.heman.bysj.BysjApplication - Started BysjApplication in 9.701 seconds (JVM running for 13.746)
2020-03-12 15:22:24.193 [http-nio-8080-exec-1] INFO  o.a.c.core.ContainerBase.[Tomcat].[localhost].[/] - Initializing Spring DispatcherServlet 'dispatcherServlet'
2020-03-12 15:22:24.194 [http-nio-8080-exec-1] INFO  org.springframework.web.servlet.DispatcherServlet - Initializing Servlet 'dispatcherServlet'
2020-03-12 15:22:24.213 [http-nio-8080-exec-1] INFO  org.springframework.web.servlet.DispatcherServlet - Completed initialization in 19 ms
2020-03-12 15:22:25.045 [http-nio-8080-exec-1] INFO  org.jooq.Constants - 
                                      
@@@@@@@@@@@@@@@@@@@@@@@@@@@@@@@@@@@@@@
@@@@@@@@@@@@@@@@@@@@@@@@@@@@@@@@@@@@@@
@@@@@@@@@@@@@@@@  @@        @@@@@@@@@@
@@@@@@@@@@@@@@@@@@@@        @@@@@@@@@@
@@@@@@@@@@@@@@@@  @@  @@    @@@@@@@@@@
@@@@@@@@@@  @@@@  @@  @@    @@@@@@@@@@
@@@@@@@@@@        @@        @@@@@@@@@@
@@@@@@@@@@@@@@@@@@@@@@@@@@@@@@@@@@@@@@
@@@@@@@@@@@@@@@@@@@@@@@@@@@@@@@@@@@@@@
@@@@@@@@@@        @@        @@@@@@@@@@
@@@@@@@@@@    @@  @@  @@@@  @@@@@@@@@@
@@@@@@@@@@    @@  @@  @@@@  @@@@@@@@@@
@@@@@@@@@@        @@  @  @  @@@@@@@@@@
@@@@@@@@@@        @@        @@@@@@@@@@
@@@@@@@@@@@@@@@@@@@@@@@  @@@@@@@@@@@@@
@@@@@@@@@@@@@@@@@@@@@@@@@@@@@@@@@@@@@@
@@@@@@@@@@@@@@@@@@@@@@@@@@@@@@@@@@@@@@  Thank you for using jOOQ 3.12.4
                                      
2020-03-12 15:22:25.203 [http-nio-8080-exec-1] INFO  com.heman.bysj.service.impl.LeaveServiceImpl - 当前请假教师为：王小燕
2020-03-12 15:22:25.204 [http-nio-8080-exec-1] INFO  com.heman.bysj.service.impl.LeaveServiceImpl - 请假时间小于三天
2020-03-12 15:22:25.216 [http-nio-8080-exec-1] INFO  com.heman.bysj.service.impl.LeaveServiceImpl - 审批教师为：舒新峰
2020-03-12 15:22:25.287 [http-nio-8080-exec-1] INFO  com.heman.bysj.service.impl.LeaveServiceImpl - 插入结果为：1
